Determining if the pthread_create exist failed with the following output:
Change Dir: /home/felix/dianracing_driverless_recruiting/lizhuofan1752657/dianracing_ros_lizhuofan/build/CMakeFiles/CMakeTmp

Run Build Command:"/usr/bin/make" "cmTC_fd8be/fast"
/usr/bin/make -f CMakeFiles/cmTC_fd8be.dir/build.make CMakeFiles/cmTC_fd8be.dir/build
make[1]: Entering directory '/home/felix/dianracing_driverless_recruiting/lizhuofan1752657/dianracing_ros_lizhuofan/build/CMakeFiles/CMakeTmp'
Building C object CMakeFiles/cmTC_fd8be.dir/CheckSymbolExists.c.o
/usr/bin/cc     -o CMakeFiles/cmTC_fd8be.dir/CheckSymbolExists.c.o   -c /home/felix/dianracing_driverless_recruiting/lizhuofan1752657/dianracing_ros_lizhuofan/build/CMakeFiles/CMakeTmp/CheckSymbolExists.c
Linking C executable cmTC_fd8be
/usr/bin/cmake -E cmake_link_script CMakeFiles/cmTC_fd8be.dir/link.txt --verbose=1
/usr/bin/cc       CMakeFiles/cmTC_fd8be.dir/CheckSymbolExists.c.o  -o cmTC_fd8be -rdynamic 
CMakeFiles/cmTC_fd8be.dir/CheckSymbolExists.c.o：在函数‘main’中：
CheckSymbolExists.c:(.text+0x16)：对‘pthread_create’未定义的引用
collect2: error: ld returned 1 exit status
CMakeFiles/cmTC_fd8be.dir/build.make:97: recipe for target 'cmTC_fd8be' failed
make[1]: *** [cmTC_fd8be] Error 1
make[1]: Leaving directory '/home/felix/dianracing_driverless_recruiting/lizhuofan1752657/dianracing_ros_lizhuofan/build/CMakeFiles/CMakeTmp'
Makefile:126: recipe for target 'cmTC_fd8be/fast' failed
make: *** [cmTC_fd8be/fast] Error 2

File /home/felix/dianracing_driverless_recruiting/lizhuofan1752657/dianracing_ros_lizhuofan/build/CMakeFiles/CMakeTmp/CheckSymbolExists.c:
/* */
#include <pthread.h>

int main(int argc, char** argv)
{
  (void)argv;
#ifndef pthread_create
  return ((int*)(&pthread_create))[argc];
#else
  (void)argc;
  return 0;
#endif
}

Determining if the function pthread_create exists in the pthreads failed with the following output:
Change Dir: /home/felix/dianracing_driverless_recruiting/lizhuofan1752657/dianracing_ros_lizhuofan/build/CMakeFiles/CMakeTmp

Run Build Command:"/usr/bin/make" "cmTC_31318/fast"
/usr/bin/make -f CMakeFiles/cmTC_31318.dir/build.make CMakeFiles/cmTC_31318.dir/build
make[1]: Entering directory '/home/felix/dianracing_driverless_recruiting/lizhuofan1752657/dianracing_ros_lizhuofan/build/CMakeFiles/CMakeTmp'
Building C object CMakeFiles/cmTC_31318.dir/CheckFunctionExists.c.o
/usr/bin/cc    -DCHECK_FUNCTION_EXISTS=pthread_create   -o CMakeFiles/cmTC_31318.dir/CheckFunctionExists.c.o   -c /usr/share/cmake-3.5/Modules/CheckFunctionExists.c
Linking C executable cmTC_31318
/usr/bin/cmake -E cmake_link_script CMakeFiles/cmTC_31318.dir/link.txt --verbose=1
/usr/bin/cc   -DCHECK_FUNCTION_EXISTS=pthread_create    CMakeFiles/cmTC_31318.dir/CheckFunctionExists.c.o  -o cmTC_31318 -rdynamic -lpthreads 
/usr/bin/ld: 找不到 -lpthreads
collect2: error: ld returned 1 exit status
CMakeFiles/cmTC_31318.dir/build.make:97: recipe for target 'cmTC_31318' failed
make[1]: *** [cmTC_31318] Error 1
make[1]: Leaving directory '/home/felix/dianracing_driverless_recruiting/lizhuofan1752657/dianracing_ros_lizhuofan/build/CMakeFiles/CMakeTmp'
Makefile:126: recipe for target 'cmTC_31318/fast' failed
make: *** [cmTC_31318/fast] Error 2


